html: Skipped interface definition 'HTMLFormControlsCollection'
html: Skipped interface definition 'HTMLOptionsCollection'
html: Skipped interface definition 'HTMLVideoElement'
html: Skipped interface definition 'HTMLAudioElement'
html: Skipped interface definition 'DragEvent'
html: Skipped dictionary definition 'DragEventInit'
whatwg: Skipped implements definition 'HTMLLinkElement: LinkStyle'
whatwg: Skipped implements definition 'HTMLStyleElement: LinkStyle'
whatwg: Event: Skipped const definition 'NONE'
whatwg: Event: Skipped const definition 'CAPTURING_PHASE'
whatwg: Event: Skipped const definition 'AT_TARGET'
whatwg: Event: Skipped const definition 'BUBBLING_PHASE'
whatwg: Event: timeStamp: Skipped typed definition 'DOMHighResTimeStamp'
whatwg: EventInit: Skipped defaulted field definition 'bubbles'
whatwg: EventInit: Skipped defaulted field definition 'cancelable'
whatwg: EventInit: Skipped defaulted field definition 'composed'
whatwg: CustomEvent: detail: Skipped typed definition 'any'
whatwg: CustomEventInit: Skipped defaulted field definition 'detail'
whatwg: EventListenerOptions: Skipped defaulted field definition 'capture'
whatwg: AddEventListenerOptions: Skipped defaulted field definition 'passive'
whatwg: AddEventListenerOptions: Skipped defaulted field definition 'once'
whatwg: NodeList: Skipped iterable definition (??)
whatwg: Skipped callback definition 'MutationCallback'
whatwg: MutationObserverInit: Skipped defaulted field definition 'childList'
whatwg: MutationObserverInit: Skipped defaulted field definition 'subtree'
whatwg: MutationObserverInit: attributeFilter: Skipped complex typed definition (??)
whatwg: Node: Skipped const definition 'ELEMENT_NODE'
whatwg: Node: Skipped const definition 'ATTRIBUTE_NODE'
whatwg: Node: Skipped const definition 'TEXT_NODE'
whatwg: Node: Skipped const definition 'CDATA_SECTION_NODE'
whatwg: Node: Skipped const definition 'ENTITY_REFERENCE_NODE'
whatwg: Node: Skipped const definition 'ENTITY_NODE'
whatwg: Node: Skipped const definition 'PROCESSING_INSTRUCTION_NODE'
whatwg: Node: Skipped const definition 'COMMENT_NODE'
whatwg: Node: Skipped const definition 'DOCUMENT_NODE'
whatwg: Node: Skipped const definition 'DOCUMENT_TYPE_NODE'
whatwg: Node: Skipped const definition 'DOCUMENT_FRAGMENT_NODE'
whatwg: Node: Skipped const definition 'NOTATION_NODE'
whatwg: Node: Skipped const definition 'DOCUMENT_POSITION_DISCONNECTED'
whatwg: Node: Skipped const definition 'DOCUMENT_POSITION_PRECEDING'
whatwg: Node: Skipped const definition 'DOCUMENT_POSITION_FOLLOWING'
whatwg: Node: Skipped const definition 'DOCUMENT_POSITION_CONTAINS'
whatwg: Node: Skipped const definition 'DOCUMENT_POSITION_CONTAINED_BY'
whatwg: Node: Skipped const definition 'DOCUMENT_POSITION_IMPLEMENTATION_SPECIFIC'
whatwg: GetRootNodeOptions: Skipped defaulted field definition 'composed'
whatwg: Document: currentScript: Skipped typed definition 'HTMLOrSVGScriptElement'
whatwg: Document: onerror: Skipped typed definition 'OnErrorEventHandler'
whatwg: Range: Skipped const definition 'START_TO_START'
whatwg: Range: Skipped const definition 'START_TO_END'
whatwg: Range: Skipped const definition 'END_TO_END'
whatwg: Range: Skipped const definition 'END_TO_START'
whatwg: NodeFilter: Skipped const definition 'FILTER_ACCEPT'
whatwg: NodeFilter: Skipped const definition 'FILTER_REJECT'
whatwg: NodeFilter: Skipped const definition 'FILTER_SKIP'
whatwg: NodeFilter: Skipped const definition 'SHOW_ALL'
whatwg: NodeFilter: Skipped const definition 'SHOW_ELEMENT'
whatwg: NodeFilter: Skipped const definition 'SHOW_ATTRIBUTE'
whatwg: NodeFilter: Skipped const definition 'SHOW_TEXT'
whatwg: NodeFilter: Skipped const definition 'SHOW_CDATA_SECTION'
whatwg: NodeFilter: Skipped const definition 'SHOW_ENTITY_REFERENCE'
whatwg: NodeFilter: Skipped const definition 'SHOW_ENTITY'
whatwg: NodeFilter: Skipped const definition 'SHOW_PROCESSING_INSTRUCTION'
whatwg: NodeFilter: Skipped const definition 'SHOW_COMMENT'
whatwg: NodeFilter: Skipped const definition 'SHOW_DOCUMENT'
whatwg: NodeFilter: Skipped const definition 'SHOW_DOCUMENT_TYPE'
whatwg: NodeFilter: Skipped const definition 'SHOW_DOCUMENT_FRAGMENT'
whatwg: NodeFilter: Skipped const definition 'SHOW_NOTATION'
whatwg: DOMTokenList: Skipped stringifier attribute definition 'value'
whatwg: DOMTokenList: Skipped iterable definition (??)
whatwg: Window: customElements: Skipped typed definition 'CustomElementRegistry'
whatwg: Window: locationbar: Skipped typed definition 'BarProp'
whatwg: Window: menubar: Skipped typed definition 'BarProp'
whatwg: Window: personalbar: Skipped typed definition 'BarProp'
whatwg: Window: scrollbars: Skipped typed definition 'BarProp'
whatwg: Window: statusbar: Skipped typed definition 'BarProp'
whatwg: Window: toolbar: Skipped typed definition 'BarProp'
whatwg: Window: opener: Skipped typed definition 'any'
whatwg: Window: navigator: Skipped typed definition 'Navigator'
whatwg: Window: applicationCache: Skipped typed definition 'ApplicationCache'
whatwg: Window: onerror: Skipped typed definition 'OnErrorEventHandler'
whatwg: Window: onbeforeunload: Skipped typed definition 'OnBeforeUnloadEventHandler'
whatwg: GlobalEventHandlers: onerror: Skipped typed definition 'OnErrorEventHandler'
whatwg: Skipped typedef definition 'HTMLOrSVGScriptElement'
whatwg: HTMLElement: dataset: Skipped typed definition 'DOMStringMap'
whatwg: HTMLElement: onerror: Skipped typed definition 'OnErrorEventHandler'
whatwg: HTMLBodyElement: onbeforeunload: Skipped typed definition 'OnBeforeUnloadEventHandler'
whatwg: HTMLAnchorElement: Skipped stringifier attribute definition 'href'
whatwg: HTMLHyperlinkElementUtils: Skipped stringifier attribute definition 'href'
whatwg: HTMLTrackElement: Skipped const definition 'NONE'
whatwg: HTMLTrackElement: Skipped const definition 'LOADING'
whatwg: HTMLTrackElement: Skipped const definition 'LOADED'
whatwg: HTMLTrackElement: Skipped const definition 'ERROR'
whatwg: Skipped typedef definition 'MediaProvider'
whatwg: HTMLMediaElement: srcObject: Skipped typed definition 'MediaProvider'
whatwg: HTMLMediaElement: Skipped const definition 'NETWORK_EMPTY'
whatwg: HTMLMediaElement: Skipped const definition 'NETWORK_IDLE'
whatwg: HTMLMediaElement: Skipped const definition 'NETWORK_LOADING'
whatwg: HTMLMediaElement: Skipped const definition 'NETWORK_NO_SOURCE'
whatwg: HTMLMediaElement: Skipped const definition 'HAVE_NOTHING'
whatwg: HTMLMediaElement: Skipped const definition 'HAVE_METADATA'
whatwg: HTMLMediaElement: Skipped const definition 'HAVE_CURRENT_DATA'
whatwg: HTMLMediaElement: Skipped const definition 'HAVE_FUTURE_DATA'
whatwg: HTMLMediaElement: Skipped const definition 'HAVE_ENOUGH_DATA'
whatwg: MediaError: Skipped const definition 'MEDIA_ERR_ABORTED'
whatwg: MediaError: Skipped const definition 'MEDIA_ERR_NETWORK'
whatwg: MediaError: Skipped const definition 'MEDIA_ERR_DECODE'
whatwg: MediaError: Skipped const definition 'MEDIA_ERR_SRC_NOT_SUPPORTED'
whatwg: TrackEvent: track: Skipped complex typed definition (??)
whatwg: TrackEventInit: Skipped defaulted field definition 'track'
whatwg: HTMLAreaElement: Skipped stringifier attribute definition 'href'
whatwg: HTMLFormElement: elements: Skipped typed definition 'HTMLFormControlsCollection'
whatwg: HTMLInputElement: files: Skipped typed definition 'FileList'
whatwg: HTMLInputElement: valueAsDate: Skipped typed definition 'object'
whatwg: HTMLSelectElement: options: Skipped typed definition 'HTMLOptionsCollection'
whatwg: AssignedNodesOptions: Skipped defaulted field definition 'flatten'
whatwg: Skipped typedef definition 'RenderingContext'
whatwg: Skipped callback definition 'BlobCallback'
whatwg: Skipped typedef definition 'HTMLOrSVGImageElement'
whatwg: Skipped typedef definition 'CanvasImageSource'
whatwg: CanvasRenderingContext2DSettings: Skipped defaulted field definition 'alpha'
whatwg: CanvasRenderingContext2D: strokeStyle: Skipped complex typed definition (??)
whatwg: CanvasRenderingContext2D: fillStyle: Skipped complex typed definition (??)
whatwg: CanvasFillStrokeStyles: strokeStyle: Skipped complex typed definition (??)
whatwg: CanvasFillStrokeStyles: fillStyle: Skipped complex typed definition (??)
whatwg: ImageData: data: Skipped typed definition 'Uint8ClampedArray'
whatwg: ImageBitmapRenderingContextSettings: Skipped defaulted field definition 'alpha'
whatwg: Skipped typedef definition 'OffscreenRenderingContext'
whatwg: ImageEncodeOptions: Skipped defaulted field definition 'type'
whatwg: ImageEncodeOptions: Skipped defaulted field definition 'quality'
whatwg: OffscreenCanvasRenderingContext2D: strokeStyle: Skipped complex typed definition (??)
whatwg: OffscreenCanvasRenderingContext2D: fillStyle: Skipped complex typed definition (??)
whatwg: DataTransfer: types: Skipped complex typed definition (??)
whatwg: DataTransfer: files: Skipped typed definition 'FileList'
whatwg: Skipped callback definition 'FunctionStringCallback'
whatwg: Skipped callback definition 'FrameRequestCallback'
whatwg: History: state: Skipped typed definition 'any'
whatwg: Location: Skipped stringifier attribute definition 'href'
whatwg: PopStateEvent: state: Skipped typed definition 'any'
whatwg: PopStateEventInit: Skipped defaulted field definition 'state'
whatwg: HashChangeEventInit: Skipped defaulted field definition 'oldURL'
whatwg: HashChangeEventInit: Skipped defaulted field definition 'newURL'
whatwg: PageTransitionEventInit: Skipped defaulted field definition 'persisted'
whatwg: ApplicationCache: Skipped const definition 'UNCACHED'
whatwg: ApplicationCache: Skipped const definition 'IDLE'
whatwg: ApplicationCache: Skipped const definition 'CHECKING'
whatwg: ApplicationCache: Skipped const definition 'DOWNLOADING'
whatwg: ApplicationCache: Skipped const definition 'UPDATEREADY'
whatwg: ApplicationCache: Skipped const definition 'OBSOLETE'
whatwg: ErrorEvent: error: Skipped typed definition 'any'
whatwg: ErrorEventInit: Skipped defaulted field definition 'message'
whatwg: ErrorEventInit: Skipped defaulted field definition 'filename'
whatwg: ErrorEventInit: Skipped defaulted field definition 'lineno'
whatwg: ErrorEventInit: Skipped defaulted field definition 'colno'
whatwg: ErrorEventInit: Skipped defaulted field definition 'error'
whatwg: PromiseRejectionEvent: promise: Skipped complex typed definition (??)
whatwg: PromiseRejectionEvent: reason: Skipped typed definition 'any'
whatwg: PromiseRejectionEventInit: promise: Skipped complex typed definition (??)
whatwg: PromiseRejectionEventInit: reason: Skipped typed definition 'any'
whatwg: Skipped callback definition 'EventHandlerNonNull'
whatwg: Skipped typedef definition 'EventHandler'
whatwg: Skipped callback definition 'OnErrorEventHandlerNonNull'
whatwg: Skipped typedef definition 'OnErrorEventHandler'
whatwg: Skipped callback definition 'OnBeforeUnloadEventHandlerNonNull'
whatwg: Skipped typedef definition 'OnBeforeUnloadEventHandler'
whatwg: WindowEventHandlers: onbeforeunload: Skipped typed definition 'OnBeforeUnloadEventHandler'
whatwg: Skipped typedef definition 'TimerHandler'
whatwg: Navigator: languages: Skipped complex typed definition (??)
whatwg: NavigatorLanguage: languages: Skipped complex typed definition (??)
whatwg: Skipped typedef definition 'ImageBitmapSource'
whatwg: ImageBitmapOptions: Skipped defaulted field definition 'imageOrientation'
whatwg: ImageBitmapOptions: Skipped defaulted field definition 'premultiplyAlpha'
whatwg: ImageBitmapOptions: Skipped defaulted field definition 'colorSpaceConversion'
whatwg: ImageBitmapOptions: Skipped defaulted field definition 'resizeQuality'
whatwg: MessageEvent: data: Skipped typed definition 'any'
whatwg: MessageEvent: source: Skipped typed definition 'MessageEventSource'
whatwg: MessageEvent: ports: Skipped complex typed definition (??)
whatwg: MessageEventInit: Skipped defaulted field definition 'data'
whatwg: MessageEventInit: Skipped defaulted field definition 'origin'
whatwg: MessageEventInit: Skipped defaulted field definition 'lastEventId'
whatwg: MessageEventInit: Skipped defaulted field definition 'source'
whatwg: MessageEventInit: Skipped defaulted field definition 'ports'
whatwg: Skipped typedef definition 'MessageEventSource'
whatwg: EventSource: Skipped const definition 'CONNECTING'
whatwg: EventSource: Skipped const definition 'OPEN'
whatwg: EventSource: Skipped const definition 'CLOSED'
whatwg: EventSourceInit: Skipped defaulted field definition 'withCredentials'
whatwg: WebSocket: Skipped const definition 'CONNECTING'
whatwg: WebSocket: Skipped const definition 'OPEN'
whatwg: WebSocket: Skipped const definition 'CLOSING'
whatwg: WebSocket: Skipped const definition 'CLOSED'
whatwg: CloseEventInit: Skipped defaulted field definition 'wasClean'
whatwg: CloseEventInit: Skipped defaulted field definition 'code'
whatwg: CloseEventInit: Skipped defaulted field definition 'reason'
whatwg: WorkerGlobalScope: onerror: Skipped typed definition 'OnErrorEventHandler'
whatwg: WorkerOptions: Skipped defaulted field definition 'type'
whatwg: WorkerOptions: Skipped defaulted field definition 'credentials'
whatwg: WorkerOptions: Skipped defaulted field definition 'name'
whatwg: WorkerNavigator: languages: Skipped complex typed definition (??)
whatwg: WorkerLocation: Skipped stringifier attribute definition 'href'
whatwg: StorageEventInit: Skipped defaulted field definition 'key'
whatwg: StorageEventInit: Skipped defaulted field definition 'oldValue'
whatwg: StorageEventInit: Skipped defaulted field definition 'newValue'
whatwg: StorageEventInit: Skipped defaulted field definition 'url'
whatwg: StorageEventInit: Skipped defaulted field definition 'storageArea'
whatwg: HTMLFrameSetElement: onbeforeunload: Skipped typed definition 'OnBeforeUnloadEventHandler'
whatwg: Event: composedPath: Skipped complex typed definition (??)
whatwg: Event: Skipped const definition 'NONE'
whatwg: Event: Skipped const definition 'CAPTURING_PHASE'
whatwg: Event: Skipped const definition 'AT_TARGET'
whatwg: Event: Skipped const definition 'BUBBLING_PHASE'
whatwg: CustomEvent: initCustomEvent: detail: Skipped typed definition 'any'
whatwg: EventTarget: addEventListener: options: Skipped complex typed definition (??)
whatwg: EventTarget: removeEventListener: options: Skipped complex typed definition (??)
whatwg: ParentNode: prepend: nodes: Skipped variadic argument definition 'nodes'
whatwg: ParentNode: append: nodes: Skipped variadic argument definition 'nodes'
whatwg: ChildNode: before: nodes: Skipped variadic argument definition 'nodes'
whatwg: ChildNode: after: nodes: Skipped variadic argument definition 'nodes'
whatwg: ChildNode: replaceWith: nodes: Skipped variadic argument definition 'nodes'
whatwg: NodeList: Skipped getter operation definition 'item'
whatwg: NodeList: Skipped iterable definition (??)
whatwg: HTMLCollection: Skipped getter operation definition 'item'
whatwg: HTMLCollection: Skipped getter operation definition 'namedItem'
whatwg: MutationObserver: takeRecords: Skipped complex typed definition (??)
whatwg: Node: Skipped const definition 'ELEMENT_NODE'
whatwg: Node: Skipped const definition 'ATTRIBUTE_NODE'
whatwg: Node: Skipped const definition 'TEXT_NODE'
whatwg: Node: Skipped const definition 'CDATA_SECTION_NODE'
whatwg: Node: Skipped const definition 'ENTITY_REFERENCE_NODE'
whatwg: Node: Skipped const definition 'ENTITY_NODE'
whatwg: Node: Skipped const definition 'PROCESSING_INSTRUCTION_NODE'
whatwg: Node: Skipped const definition 'COMMENT_NODE'
whatwg: Node: Skipped const definition 'DOCUMENT_NODE'
whatwg: Node: Skipped const definition 'DOCUMENT_TYPE_NODE'
whatwg: Node: Skipped const definition 'DOCUMENT_FRAGMENT_NODE'
whatwg: Node: Skipped const definition 'NOTATION_NODE'
whatwg: Node: Skipped const definition 'DOCUMENT_POSITION_DISCONNECTED'
whatwg: Node: Skipped const definition 'DOCUMENT_POSITION_PRECEDING'
whatwg: Node: Skipped const definition 'DOCUMENT_POSITION_FOLLOWING'
whatwg: Node: Skipped const definition 'DOCUMENT_POSITION_CONTAINS'
whatwg: Node: Skipped const definition 'DOCUMENT_POSITION_CONTAINED_BY'
whatwg: Node: Skipped const definition 'DOCUMENT_POSITION_IMPLEMENTATION_SPECIFIC'
whatwg: Document: Skipped getter operation definition (??)
whatwg: Document: write: text: Skipped variadic argument definition 'text'
whatwg: Document: writeln: text: Skipped variadic argument definition 'text'
whatwg: Document: prepend: nodes: Skipped variadic argument definition 'nodes'
whatwg: Document: append: nodes: Skipped variadic argument definition 'nodes'
whatwg: DocumentType: before: nodes: Skipped variadic argument definition 'nodes'
whatwg: DocumentType: after: nodes: Skipped variadic argument definition 'nodes'
whatwg: DocumentType: replaceWith: nodes: Skipped variadic argument definition 'nodes'
whatwg: DocumentFragment: prepend: nodes: Skipped variadic argument definition 'nodes'
whatwg: DocumentFragment: append: nodes: Skipped variadic argument definition 'nodes'
whatwg: Element: getAttributeNames: Skipped complex typed definition (??)
whatwg: Element: attachShadow: init: Skipped typed definition 'ShadowRootInit'
whatwg: Element: prepend: nodes: Skipped variadic argument definition 'nodes'
whatwg: Element: append: nodes: Skipped variadic argument definition 'nodes'
whatwg: Element: before: nodes: Skipped variadic argument definition 'nodes'
whatwg: Element: after: nodes: Skipped variadic argument definition 'nodes'
whatwg: Element: replaceWith: nodes: Skipped variadic argument definition 'nodes'
whatwg: NamedNodeMap: Skipped getter operation definition 'item'
whatwg: NamedNodeMap: Skipped getter operation definition 'getNamedItem'
whatwg: CharacterData: before: nodes: Skipped variadic argument definition 'nodes'
whatwg: CharacterData: after: nodes: Skipped variadic argument definition 'nodes'
whatwg: CharacterData: replaceWith: nodes: Skipped variadic argument definition 'nodes'
whatwg: Range: Skipped const definition 'START_TO_START'
whatwg: Range: Skipped const definition 'START_TO_END'
whatwg: Range: Skipped const definition 'END_TO_END'
whatwg: Range: Skipped const definition 'END_TO_START'
whatwg: Range: Skipped stringifier operation definition (??)
whatwg: NodeFilter: Skipped const definition 'FILTER_ACCEPT'
whatwg: NodeFilter: Skipped const definition 'FILTER_REJECT'
whatwg: NodeFilter: Skipped const definition 'FILTER_SKIP'
whatwg: NodeFilter: Skipped const definition 'SHOW_ALL'
whatwg: NodeFilter: Skipped const definition 'SHOW_ELEMENT'
whatwg: NodeFilter: Skipped const definition 'SHOW_ATTRIBUTE'
whatwg: NodeFilter: Skipped const definition 'SHOW_TEXT'
whatwg: NodeFilter: Skipped const definition 'SHOW_CDATA_SECTION'
whatwg: NodeFilter: Skipped const definition 'SHOW_ENTITY_REFERENCE'
whatwg: NodeFilter: Skipped const definition 'SHOW_ENTITY'
whatwg: NodeFilter: Skipped const definition 'SHOW_PROCESSING_INSTRUCTION'
whatwg: NodeFilter: Skipped const definition 'SHOW_COMMENT'
whatwg: NodeFilter: Skipped const definition 'SHOW_DOCUMENT'
whatwg: NodeFilter: Skipped const definition 'SHOW_DOCUMENT_TYPE'
whatwg: NodeFilter: Skipped const definition 'SHOW_DOCUMENT_FRAGMENT'
whatwg: NodeFilter: Skipped const definition 'SHOW_NOTATION'
whatwg: DOMTokenList: Skipped getter operation definition 'item'
whatwg: DOMTokenList: add: tokens: Skipped variadic argument definition 'tokens'
whatwg: DOMTokenList: remove: tokens: Skipped variadic argument definition 'tokens'
whatwg: DOMTokenList: Skipped iterable definition (??)
whatwg: Selection: Skipped stringifier operation definition (??)
whatwg: Window: Skipped getter operation definition (??)
whatwg: Window: requestAnimationFrame: callback: Skipped typed definition 'FrameRequestCallback'
whatwg: Window: postMessage: message: Skipped typed definition 'any'
whatwg: Window: setTimeout: arguments: Skipped variadic argument definition 'arguments'
whatwg: Window: setInterval: arguments: Skipped variadic argument definition 'arguments'
whatwg: Window: createImageBitmap: Skipped complex typed definition (??)
whatwg: Window: createImageBitmap: Skipped complex typed definition (??)
whatwg: HTMLAllCollection: Skipped getter operation definition (??)
whatwg: HTMLAllCollection: Skipped getter operation definition 'namedItem'
whatwg: HTMLAllCollection: Skipped legacy caller operation definition 'item'
whatwg: DOMStringList: Skipped getter operation definition 'item'
whatwg: DOMStringMap: Skipped getter operation definition (??)
whatwg: DOMStringMap: Skipped setter operation definition (??)
whatwg: DOMStringMap: Skipped deleter operation definition (??)
whatwg: HTMLImageElement: decode: Skipped complex typed definition (??)
whatwg: HTMLTrackElement: Skipped const definition 'NONE'
whatwg: HTMLTrackElement: Skipped const definition 'LOADING'
whatwg: HTMLTrackElement: Skipped const definition 'LOADED'
whatwg: HTMLTrackElement: Skipped const definition 'ERROR'
whatwg: HTMLMediaElement: Skipped const definition 'NETWORK_EMPTY'
whatwg: HTMLMediaElement: Skipped const definition 'NETWORK_IDLE'
whatwg: HTMLMediaElement: Skipped const definition 'NETWORK_LOADING'
whatwg: HTMLMediaElement: Skipped const definition 'NETWORK_NO_SOURCE'
whatwg: HTMLMediaElement: Skipped const definition 'HAVE_NOTHING'
whatwg: HTMLMediaElement: Skipped const definition 'HAVE_METADATA'
whatwg: HTMLMediaElement: Skipped const definition 'HAVE_CURRENT_DATA'
whatwg: HTMLMediaElement: Skipped const definition 'HAVE_FUTURE_DATA'
whatwg: HTMLMediaElement: Skipped const definition 'HAVE_ENOUGH_DATA'
whatwg: HTMLMediaElement: getStartDate: Skipped typed definition 'object'
whatwg: HTMLMediaElement: play: Skipped complex typed definition (??)
whatwg: MediaError: Skipped const definition 'MEDIA_ERR_ABORTED'
whatwg: MediaError: Skipped const definition 'MEDIA_ERR_NETWORK'
whatwg: MediaError: Skipped const definition 'MEDIA_ERR_DECODE'
whatwg: MediaError: Skipped const definition 'MEDIA_ERR_SRC_NOT_SUPPORTED'
whatwg: AudioTrackList: Skipped getter operation definition (??)
whatwg: VideoTrackList: Skipped getter operation definition (??)
whatwg: TextTrackList: Skipped getter operation definition (??)
whatwg: TextTrackCueList: Skipped getter operation definition (??)
whatwg: HTMLFormElement: Skipped getter operation definition (??)
whatwg: HTMLFormElement: Skipped getter operation definition (??)
whatwg: HTMLSelectElement: Skipped getter operation definition 'item'
whatwg: HTMLSelectElement: add: element: Skipped complex typed definition (??)
whatwg: HTMLSelectElement: Skipped setter operation definition (??)
whatwg: HTMLSlotElement: assignedNodes: Skipped complex typed definition (??)
whatwg: HTMLCanvasElement: getContext: Skipped typed definition 'RenderingContext'
whatwg: HTMLCanvasElement: toDataURL: quality: Skipped typed definition 'any'
whatwg: HTMLCanvasElement: toBlob: quality: Skipped typed definition 'any'
whatwg: CanvasRenderingContext2D: getTransform: Skipped typed definition 'DOMMatrix'
whatwg: CanvasRenderingContext2D: setTransform: transform: Skipped typed definition 'DOMMatrixInit'
whatwg: CanvasRenderingContext2D: createPattern: image: Skipped typed definition 'CanvasImageSource'
whatwg: CanvasRenderingContext2D: drawImage: image: Skipped typed definition 'CanvasImageSource'
whatwg: CanvasRenderingContext2D: drawImage: image: Skipped typed definition 'CanvasImageSource'
whatwg: CanvasRenderingContext2D: drawImage: image: Skipped typed definition 'CanvasImageSource'
whatwg: CanvasRenderingContext2D: setLineDash: segments: Skipped complex typed definition (??)
whatwg: CanvasRenderingContext2D: getLineDash: Skipped complex typed definition (??)
whatwg: CanvasTransform: getTransform: Skipped typed definition 'DOMMatrix'
whatwg: CanvasTransform: setTransform: transform: Skipped typed definition 'DOMMatrixInit'
whatwg: CanvasFillStrokeStyles: createPattern: image: Skipped typed definition 'CanvasImageSource'
whatwg: CanvasDrawImage: drawImage: image: Skipped typed definition 'CanvasImageSource'
whatwg: CanvasDrawImage: drawImage: image: Skipped typed definition 'CanvasImageSource'
whatwg: CanvasDrawImage: drawImage: image: Skipped typed definition 'CanvasImageSource'
whatwg: CanvasPathDrawingStyles: setLineDash: segments: Skipped complex typed definition (??)
whatwg: CanvasPathDrawingStyles: getLineDash: Skipped complex typed definition (??)
whatwg: CanvasPattern: setTransform: transform: Skipped typed definition 'DOMMatrixInit'
whatwg: Path2D: addPath: transform: Skipped typed definition 'DOMMatrixInit'
whatwg: OffscreenCanvas: getContext: Skipped typed definition 'OffscreenRenderingContext'
whatwg: OffscreenCanvas: convertToBlob: Skipped complex typed definition (??)
whatwg: OffscreenCanvasRenderingContext2D: getTransform: Skipped typed definition 'DOMMatrix'
whatwg: OffscreenCanvasRenderingContext2D: setTransform: transform: Skipped typed definition 'DOMMatrixInit'
whatwg: OffscreenCanvasRenderingContext2D: createPattern: image: Skipped typed definition 'CanvasImageSource'
whatwg: OffscreenCanvasRenderingContext2D: drawImage: image: Skipped typed definition 'CanvasImageSource'
whatwg: OffscreenCanvasRenderingContext2D: drawImage: image: Skipped typed definition 'CanvasImageSource'
whatwg: OffscreenCanvasRenderingContext2D: drawImage: image: Skipped typed definition 'CanvasImageSource'
whatwg: OffscreenCanvasRenderingContext2D: setLineDash: segments: Skipped complex typed definition (??)
whatwg: OffscreenCanvasRenderingContext2D: getLineDash: Skipped complex typed definition (??)
whatwg: CustomElementRegistry: define: constructor: Skipped typed definition 'Function'
whatwg: CustomElementRegistry: get: Skipped typed definition 'any'
whatwg: CustomElementRegistry: whenDefined: Skipped complex typed definition (??)
whatwg: DataTransferItemList: Skipped getter operation definition (??)
whatwg: DataTransferItemList: add: data: Skipped typed definition 'File'
whatwg: DataTransferItem: getAsString: callback: Skipped typed definition 'FunctionStringCallback'
whatwg: DataTransferItem: getAsFile: Skipped typed definition 'File'
whatwg: History: pushState: data: Skipped typed definition 'any'
whatwg: History: replaceState: data: Skipped typed definition 'any'
whatwg: ApplicationCache: Skipped const definition 'UNCACHED'
whatwg: ApplicationCache: Skipped const definition 'IDLE'
whatwg: ApplicationCache: Skipped const definition 'CHECKING'
whatwg: ApplicationCache: Skipped const definition 'DOWNLOADING'
whatwg: ApplicationCache: Skipped const definition 'UPDATEREADY'
whatwg: ApplicationCache: Skipped const definition 'OBSOLETE'
whatwg: WindowOrWorkerGlobalScope: setTimeout: arguments: Skipped variadic argument definition 'arguments'
whatwg: WindowOrWorkerGlobalScope: setInterval: arguments: Skipped variadic argument definition 'arguments'
whatwg: WindowOrWorkerGlobalScope: createImageBitmap: Skipped complex typed definition (??)
whatwg: WindowOrWorkerGlobalScope: createImageBitmap: Skipped complex typed definition (??)
whatwg: PluginArray: Skipped getter operation definition 'item'
whatwg: PluginArray: Skipped getter operation definition 'namedItem'
whatwg: MimeTypeArray: Skipped getter operation definition 'item'
whatwg: MimeTypeArray: Skipped getter operation definition 'namedItem'
whatwg: Plugin: Skipped getter operation definition 'item'
whatwg: Plugin: Skipped getter operation definition 'namedItem'
whatwg: MessageEvent: initMessageEvent: data: Skipped typed definition 'any'
whatwg: EventSource: Skipped const definition 'CONNECTING'
whatwg: EventSource: Skipped const definition 'OPEN'
whatwg: EventSource: Skipped const definition 'CLOSED'
whatwg: WebSocket: Skipped const definition 'CONNECTING'
whatwg: WebSocket: Skipped const definition 'OPEN'
whatwg: WebSocket: Skipped const definition 'CLOSING'
whatwg: WebSocket: Skipped const definition 'CLOSED'
whatwg: WebSocket: send: data: Skipped typed definition 'Blob'
whatwg: WebSocket: send: data: Skipped typed definition 'ArrayBuffer'
whatwg: WebSocket: send: data: Skipped typed definition 'ArrayBufferView'
whatwg: MessagePort: postMessage: message: Skipped typed definition 'any'
whatwg: BroadcastChannel: postMessage: message: Skipped typed definition 'any'
whatwg: WorkerGlobalScope: importScripts: urls: Skipped variadic argument definition 'urls'
whatwg: WorkerGlobalScope: setTimeout: arguments: Skipped variadic argument definition 'arguments'
whatwg: WorkerGlobalScope: setInterval: arguments: Skipped variadic argument definition 'arguments'
whatwg: WorkerGlobalScope: createImageBitmap: Skipped complex typed definition (??)
whatwg: WorkerGlobalScope: createImageBitmap: Skipped complex typed definition (??)
whatwg: DedicatedWorkerGlobalScope: postMessage: message: Skipped typed definition 'any'
whatwg: Worker: postMessage: message: Skipped typed definition 'any'
whatwg: Storage: Skipped getter operation definition 'getItem'
whatwg: Storage: Skipped setter operation definition 'setItem'
whatwg: Storage: Skipped deleter operation definition 'removeItem'
whatwg: Window: customElements: Skipped typed definition 'CustomElementRegistry'
whatwg: Window: locationbar: Skipped typed definition 'BarProp'
whatwg: Window: menubar: Skipped typed definition 'BarProp'
whatwg: Window: personalbar: Skipped typed definition 'BarProp'
whatwg: Window: scrollbars: Skipped typed definition 'BarProp'
whatwg: Window: statusbar: Skipped typed definition 'BarProp'
whatwg: Window: toolbar: Skipped typed definition 'BarProp'
whatwg: Window: opener: Skipped typed definition 'any'
whatwg: Window: navigator: Skipped typed definition 'Navigator'
whatwg: Window: applicationCache: Skipped typed definition 'ApplicationCache'
whatwg: Window: onerror: Skipped typed definition 'OnErrorEventHandler'
whatwg: Window: onbeforeunload: Skipped typed definition 'OnBeforeUnloadEventHandler'
